2018-08-09 14:24:37,086 [restartedMain] INFO  c.z.s.SpringbootAllCustomerApplication 50 - Starting SpringbootAllCustomerApplication on DESKTOP-9T87GE8 with PID 7428 (D:\SpringBootDemo\springboot-all-customer\target\classes started by 18347 in D:\SpringBootDemo)
2018-08-09 14:24:37,088 [restartedMain] INFO  c.z.s.SpringbootAllCustomerApplication 659 - No active profile set, falling back to default profiles: default
2018-08-09 14:24:37,161 [restartedMain] INFO  o.s.b.w.s.c.AnnotationConfigServletWebServerApplicationContext 590 - Refreshing org.springframework.boot.web.servlet.context.AnnotationConfigServletWebServerApplicationContext@30f88397: startup date [Thu Aug 09 14:24:37 CST 2018]; root of context hierarchy
2018-08-09 14:24:38,274 [restartedMain] INFO  o.s.c.s.PostProcessorRegistrationDelegate$BeanPostProcessorChecker 328 - Bean 'org.springframework.boot.context.properties.ConversionServiceDeducer$Factory' of type [org.springframework.boot.context.properties.ConversionServiceDeducer$Factory] is not eligible for getting processed by all BeanPostProcessors (for example: not eligible for auto-proxying)
2018-08-09 14:24:38,289 [restartedMain] INFO  o.s.c.s.PostProcessorRegistrationDelegate$BeanPostProcessorChecker 328 - Bean 'spring.dubbo-com.alibaba.dubbo.spring.boot.DubboProperties' of type [com.alibaba.dubbo.spring.boot.DubboProperties] is not eligible for getting processed by all BeanPostProcessors (for example: not eligible for auto-proxying)
2018-08-09 14:24:38,290 [restartedMain] INFO  o.s.c.s.PostProcessorRegistrationDelegate$BeanPostProcessorChecker 328 - Bean 'com.alibaba.dubbo.spring.boot.DubboConsumerAutoConfiguration' of type [com.alibaba.dubbo.spring.boot.DubboConsumerAutoConfiguration$$EnhancerBySpringCGLIB$$3b98b017] is not eligible for getting processed by all BeanPostProcessors (for example: not eligible for auto-proxying)
2018-08-09 14:24:38,541 [restartedMain] INFO  o.s.b.w.e.tomcat.TomcatWebServer 91 - Tomcat initialized with port(s): 9090 (http)
2018-08-09 14:24:38,549 [restartedMain] INFO  o.a.coyote.http11.Http11NioProtocol 180 - Initializing ProtocolHandler ["http-nio-9090"]
2018-08-09 14:24:38,555 [restartedMain] INFO  o.a.catalina.core.StandardService 180 - Starting service [Tomcat]
2018-08-09 14:24:38,555 [restartedMain] INFO  o.a.catalina.core.StandardEngine 180 - Starting Servlet Engine: Apache Tomcat/8.5.31
2018-08-09 14:24:38,557 [localhost-startStop-1] INFO  o.a.c.core.AprLifecycleListener 180 - The APR based Apache Tomcat Native library which allows optimal performance in production environments was not found on the java.library.path: [C:\Program Files\Java\jdk1.8.0_151\bin;C:\WINDOWS\Sun\Java\bin;C:\WINDOWS\system32;C:\WINDOWS;C:\ProgramData\Oracle\Java\javapath;C:\WINDOWS\system32;C:\WINDOWS;C:\WINDOWS\System32\Wbem;C:\WINDOWS\System32\WindowsPowerShell\v1.0\;C:\Program Files\Git\cmd;C:\WINDOWS\System32\OpenSSH\;C:\Program Files\Java\jdk1.7.0_67\bin;E:\softWare_develop\java\apache-maven-3.3.3\bin;E:\softWare_system\python\Scripts\;E:\softWare_system\python\;C:\Users\18347\AppData\Local\Microsoft\WindowsApps;;.]
2018-08-09 14:24:38,625 [localhost-startStop-1] INFO  o.a.c.c.C.[Tomcat].[localhost].[/] 180 - Initializing Spring embedded WebApplicationContext
2018-08-09 14:24:38,626 [localhost-startStop-1] INFO  o.s.web.context.ContextLoader 285 - Root WebApplicationContext: initialization completed in 1465 ms
2018-08-09 14:24:39,047 [localhost-startStop-1] INFO  o.s.b.w.s.ServletRegistrationBean 186 - Servlet dispatcherServlet mapped to [/]
2018-08-09 14:24:39,050 [localhost-startStop-1] INFO  o.s.b.w.s.FilterRegistrationBean 245 - Mapping filter: 'characterEncodingFilter' to: [/*]
2018-08-09 14:24:39,050 [localhost-startStop-1] INFO  o.s.b.w.s.FilterRegistrationBean 245 - Mapping filter: 'hiddenHttpMethodFilter' to: [/*]
2018-08-09 14:24:39,050 [localhost-startStop-1] INFO  o.s.b.w.s.FilterRegistrationBean 245 - Mapping filter: 'httpPutFormContentFilter' to: [/*]
2018-08-09 14:24:39,050 [localhost-startStop-1] INFO  o.s.b.w.s.FilterRegistrationBean 245 - Mapping filter: 'requestContextFilter' to: [/*]
2018-08-09 14:24:39,051 [localhost-startStop-1] INFO  o.s.b.w.s.FilterRegistrationBean 245 - Mapping filter: 'httpTraceFilter' to: [/*]
2018-08-09 14:24:39,051 [localhost-startStop-1] INFO  o.s.b.w.s.FilterRegistrationBean 245 - Mapping filter: 'webMvcMetricsFilter' to: [/*]
2018-08-09 14:24:39,612 [restartedMain] INFO  o.s.w.s.h.SimpleUrlHandlerMapping 373 - Mapped URL path [/**/favicon.ico] onto handler of type [class org.springframework.web.servlet.resource.ResourceHttpRequestHandler]
2018-08-09 14:24:39,746 [restartedMain] INFO  o.s.w.s.m.m.a.RequestMappingHandlerAdapter 574 - Looking for @ControllerAdvice: org.springframework.boot.web.servlet.context.AnnotationConfigServletWebServerApplicationContext@30f88397: startup date [Thu Aug 09 14:24:37 CST 2018]; root of context hierarchy
2018-08-09 14:24:39,783 [restartedMain] INFO  o.s.w.s.m.m.a.RequestMappingHandlerMapping 547 - Mapped "{[/index]}" onto public java.lang.String com.zq.springboot.controller.UserController.index(org.springframework.ui.Model,java.lang.Integer)
2018-08-09 14:24:39,783 [restartedMain] INFO  o.s.w.s.m.m.a.RequestMappingHandlerMapping 547 - Mapped "{[/toUserUpdate]}" onto public java.lang.String com.zq.springboot.controller.UserController.toUpdateUser(org.springframework.ui.Model,int)
2018-08-09 14:24:39,784 [restartedMain] INFO  o.s.w.s.m.m.a.RequestMappingHandlerMapping 547 - Mapped "{[/delUser]}" onto public java.lang.String com.zq.springboot.controller.UserController.delUser(int)
2018-08-09 14:24:39,784 [restartedMain] INFO  o.s.w.s.m.m.a.RequestMappingHandlerMapping 547 - Mapped "{[/toJumpAddUser]}" onto public java.lang.String com.zq.springboot.controller.UserController.toJumpAddUser()
2018-08-09 14:24:39,784 [restartedMain] INFO  o.s.w.s.m.m.a.RequestMappingHandlerMapping 547 - Mapped "{[/addUser]}" onto public java.lang.String com.zq.springboot.controller.UserController.toAddUser(com.zq.springboot.model.User)
2018-08-09 14:24:39,786 [restartedMain] INFO  o.s.w.s.m.m.a.RequestMappingHandlerMapping 547 - Mapped "{[/error]}" onto public org.springframework.http.ResponseEntity<java.util.Map<java.lang.String, java.lang.Object>> org.springframework.boot.autoconfigure.web.servlet.error.BasicErrorController.error(javax.servlet.http.HttpServletRequest)
2018-08-09 14:24:39,787 [restartedMain] INFO  o.s.w.s.m.m.a.RequestMappingHandlerMapping 547 - Mapped "{[/error],produces=[text/html]}" onto public org.springframework.web.servlet.ModelAndView org.springframework.boot.autoconfigure.web.servlet.error.BasicErrorController.errorHtml(javax.servlet.http.HttpServletRequest,javax.servlet.http.HttpServletResponse)
2018-08-09 14:24:39,805 [restartedMain] INFO  o.s.w.s.h.SimpleUrlHandlerMapping 373 - Mapped URL path [/webjars/**] onto handler of type [class org.springframework.web.servlet.resource.ResourceHttpRequestHandler]
2018-08-09 14:24:39,805 [restartedMain] INFO  o.s.w.s.h.SimpleUrlHandlerMapping 373 - Mapped URL path [/**] onto handler of type [class org.springframework.web.servlet.resource.ResourceHttpRequestHandler]
2018-08-09 14:24:39,873 [restartedMain] INFO  o.s.b.a.w.s.WelcomePageHandlerMapping 61 - Adding welcome page template: index
2018-08-09 14:24:40,067 [restartedMain] INFO  o.s.b.a.e.web.EndpointLinksResolver 59 - Exposing 2 endpoint(s) beneath base path '/actuator'
2018-08-09 14:24:40,075 [restartedMain] INFO  o.s.b.a.e.w.s.WebMvcEndpointHandlerMapping 547 - Mapped "{[/actuator/health],methods=[GET],produces=[application/vnd.spring-boot.actuator.v2+json || application/json]}" onto public java.lang.Object org.springframework.boot.actuate.endpoint.web.servlet.AbstractWebMvcEndpointHandlerMapping$OperationHandler.handle(javax.servlet.http.HttpServletRequest,java.util.Map<java.lang.String, java.lang.String>)
2018-08-09 14:24:40,076 [restartedMain] INFO  o.s.b.a.e.w.s.WebMvcEndpointHandlerMapping 547 - Mapped "{[/actuator/info],methods=[GET],produces=[application/vnd.spring-boot.actuator.v2+json || application/json]}" onto public java.lang.Object org.springframework.boot.actuate.endpoint.web.servlet.AbstractWebMvcEndpointHandlerMapping$OperationHandler.handle(javax.servlet.http.HttpServletRequest,java.util.Map<java.lang.String, java.lang.String>)
2018-08-09 14:24:40,077 [restartedMain] INFO  o.s.b.a.e.w.s.WebMvcEndpointHandlerMapping 547 - Mapped "{[/actuator],methods=[GET],produces=[application/vnd.spring-boot.actuator.v2+json || application/json]}" onto protected java.util.Map<java.lang.String, java.util.Map<java.lang.String, org.springframework.boot.actuate.endpoint.web.Link>> org.springframework.boot.actuate.endpoint.web.servlet.WebMvcEndpointHandlerMapping.links(javax.servlet.http.HttpServletRequest,javax.servlet.http.HttpServletResponse)
2018-08-09 14:24:40,111 [restartedMain] INFO  o.s.j.e.a.AnnotationMBeanExporter 433 - Registering beans for JMX exposure on startup
2018-08-09 14:24:40,127 [restartedMain] INFO  o.a.coyote.http11.Http11NioProtocol 180 - Starting ProtocolHandler ["http-nio-9090"]
2018-08-09 14:24:40,128 [restartedMain] INFO  o.a.tomcat.util.net.NioSelectorPool 180 - Using a shared selector for servlet write/read
2018-08-09 14:24:40,139 [restartedMain] INFO  o.s.b.w.e.tomcat.TomcatWebServer 206 - Tomcat started on port(s): 9090 (http) with context path ''
2018-08-09 14:24:40,142 [restartedMain] INFO  c.z.s.SpringbootAllCustomerApplication 59 - Started SpringbootAllCustomerApplication in 3.552 seconds (JVM running for 4.1)
2018-08-09 14:24:40,914 [RMI TCP Connection(6)-127.0.0.1] INFO  o.a.c.c.C.[Tomcat].[localhost].[/] 180 - Initializing Spring FrameworkServlet 'dispatcherServlet'
2018-08-09 14:24:40,914 [RMI TCP Connection(6)-127.0.0.1] INFO  o.s.web.servlet.DispatcherServlet 494 - FrameworkServlet 'dispatcherServlet': initialization started
2018-08-09 14:24:40,924 [RMI TCP Connection(6)-127.0.0.1] INFO  o.s.web.servlet.DispatcherServlet 509 - FrameworkServlet 'dispatcherServlet': initialization completed in 10 ms
2018-08-09 14:25:02,358 [http-nio-9090-exec-1] INFO  o.a.tomcat.util.http.parser.Cookie 180 - A cookie header was received [1524189860; CNZZDATA1265190692=474794451-1511854748-%7C1524188120; _fmdata=qnf46LwrsHzo9EizDtKwyBdxSJUicp5n3xAj4cZ1b8y%2FqeNUug8iIFez7cCe2oCp%2BlAQpBW4%2BBRlQKJRc0FGHXnoDueDc8MYW%2BzmY6%2FH%2F0I%3D; _qzja=1.1474138083.1511859363509.1522130084621.1524189860324.1524190297396.1524190303667.0.0.0.105.11; Idea-50afed20=7ca69e26-75ef-4da5-a623-fb1fe0cbed76; HISTORY="com.zq.springboot.service.UserService:1.0.0..../dubbo-admin-2.8.4/governance/services/com.zq.springboot.service.UserService:1.0.0/providers"] that contained an invalid cookie. That cookie will be ignored.Note: further occurrences of this error will be logged at DEBUG level.
2018-08-09 14:25:02,397 [http-nio-9090-exec-1] INFO  c.z.s.controller.UserController 30 - info级别日志
2018-08-09 15:04:49,710 [restartedMain] INFO  c.z.s.SpringbootAllCustomerApplication 50 - Starting SpringbootAllCustomerApplication on DESKTOP-9T87GE8 with PID 12960 (D:\SpringBootDemo\springboot-all-customer\target\classes started by 18347 in D:\SpringBootDemo)
2018-08-09 15:04:49,713 [restartedMain] INFO  c.z.s.SpringbootAllCustomerApplication 659 - No active profile set, falling back to default profiles: default
2018-08-09 15:04:49,811 [restartedMain] INFO  o.s.b.w.s.c.AnnotationConfigServletWebServerApplicationContext 590 - Refreshing org.springframework.boot.web.servlet.context.AnnotationConfigServletWebServerApplicationContext@1b62f1da: startup date [Thu Aug 09 15:04:49 CST 2018]; root of context hierarchy
2018-08-09 15:04:50,721 [restartedMain] INFO  o.s.c.s.PostProcessorRegistrationDelegate$BeanPostProcessorChecker 328 - Bean 'org.springframework.boot.context.properties.ConversionServiceDeducer$Factory' of type [org.springframework.boot.context.properties.ConversionServiceDeducer$Factory] is not eligible for getting processed by all BeanPostProcessors (for example: not eligible for auto-proxying)
2018-08-09 15:04:50,737 [restartedMain] INFO  o.s.c.s.PostProcessorRegistrationDelegate$BeanPostProcessorChecker 328 - Bean 'spring.dubbo-com.alibaba.dubbo.spring.boot.DubboProperties' of type [com.alibaba.dubbo.spring.boot.DubboProperties] is not eligible for getting processed by all BeanPostProcessors (for example: not eligible for auto-proxying)
2018-08-09 15:04:50,738 [restartedMain] INFO  o.s.c.s.PostProcessorRegistrationDelegate$BeanPostProcessorChecker 328 - Bean 'com.alibaba.dubbo.spring.boot.DubboConsumerAutoConfiguration' of type [com.alibaba.dubbo.spring.boot.DubboConsumerAutoConfiguration$$EnhancerBySpringCGLIB$$c1c7e3c6] is not eligible for getting processed by all BeanPostProcessors (for example: not eligible for auto-proxying)
2018-08-09 15:04:50,964 [restartedMain] INFO  o.s.b.w.e.tomcat.TomcatWebServer 91 - Tomcat initialized with port(s): 9090 (http)
2018-08-09 15:04:50,972 [restartedMain] INFO  o.a.coyote.http11.Http11NioProtocol 180 - Initializing ProtocolHandler ["http-nio-9090"]
2018-08-09 15:04:50,979 [restartedMain] INFO  o.a.catalina.core.StandardService 180 - Starting service [Tomcat]
2018-08-09 15:04:50,979 [restartedMain] INFO  o.a.catalina.core.StandardEngine 180 - Starting Servlet Engine: Apache Tomcat/8.5.31
2018-08-09 15:04:50,982 [localhost-startStop-1] INFO  o.a.c.core.AprLifecycleListener 180 - The APR based Apache Tomcat Native library which allows optimal performance in production environments was not found on the java.library.path: [C:\Program Files\Java\jdk1.8.0_151\bin;C:\WINDOWS\Sun\Java\bin;C:\WINDOWS\system32;C:\WINDOWS;C:\ProgramData\Oracle\Java\javapath;C:\WINDOWS\system32;C:\WINDOWS;C:\WINDOWS\System32\Wbem;C:\WINDOWS\System32\WindowsPowerShell\v1.0\;C:\Program Files\Git\cmd;C:\WINDOWS\System32\OpenSSH\;C:\Program Files\Java\jdk1.7.0_67\bin;E:\softWare_develop\java\apache-maven-3.3.3\bin;E:\softWare_system\python\Scripts\;E:\softWare_system\python\;C:\Users\18347\AppData\Local\Microsoft\WindowsApps;;.]
2018-08-09 15:04:51,053 [localhost-startStop-1] INFO  o.a.c.c.C.[Tomcat].[localhost].[/] 180 - Initializing Spring embedded WebApplicationContext
2018-08-09 15:04:51,053 [localhost-startStop-1] INFO  o.s.web.context.ContextLoader 285 - Root WebApplicationContext: initialization completed in 1242 ms
2018-08-09 15:04:51,533 [localhost-startStop-1] INFO  o.s.b.w.s.ServletRegistrationBean 186 - Servlet dispatcherServlet mapped to [/]
2018-08-09 15:04:51,536 [localhost-startStop-1] INFO  o.s.b.w.s.FilterRegistrationBean 245 - Mapping filter: 'characterEncodingFilter' to: [/*]
2018-08-09 15:04:51,536 [localhost-startStop-1] INFO  o.s.b.w.s.FilterRegistrationBean 245 - Mapping filter: 'hiddenHttpMethodFilter' to: [/*]
2018-08-09 15:04:51,536 [localhost-startStop-1] INFO  o.s.b.w.s.FilterRegistrationBean 245 - Mapping filter: 'httpPutFormContentFilter' to: [/*]
2018-08-09 15:04:51,536 [localhost-startStop-1] INFO  o.s.b.w.s.FilterRegistrationBean 245 - Mapping filter: 'requestContextFilter' to: [/*]
2018-08-09 15:04:51,536 [localhost-startStop-1] INFO  o.s.b.w.s.FilterRegistrationBean 245 - Mapping filter: 'httpTraceFilter' to: [/*]
2018-08-09 15:04:51,537 [localhost-startStop-1] INFO  o.s.b.w.s.FilterRegistrationBean 245 - Mapping filter: 'webMvcMetricsFilter' to: [/*]
2018-08-09 15:04:52,097 [restartedMain] INFO  o.s.w.s.h.SimpleUrlHandlerMapping 373 - Mapped URL path [/**/favicon.ico] onto handler of type [class org.springframework.web.servlet.resource.ResourceHttpRequestHandler]
2018-08-09 15:04:52,231 [restartedMain] INFO  o.s.w.s.m.m.a.RequestMappingHandlerAdapter 574 - Looking for @ControllerAdvice: org.springframework.boot.web.servlet.context.AnnotationConfigServletWebServerApplicationContext@1b62f1da: startup date [Thu Aug 09 15:04:49 CST 2018]; root of context hierarchy
2018-08-09 15:04:52,269 [restartedMain] INFO  o.s.w.s.m.m.a.RequestMappingHandlerMapping 547 - Mapped "{[/index]}" onto public java.lang.String com.zq.springboot.controller.UserController.index(org.springframework.ui.Model,java.lang.Integer)
2018-08-09 15:04:52,270 [restartedMain] INFO  o.s.w.s.m.m.a.RequestMappingHandlerMapping 547 - Mapped "{[/toUserUpdate]}" onto public java.lang.String com.zq.springboot.controller.UserController.toUpdateUser(org.springframework.ui.Model,int)
2018-08-09 15:04:52,270 [restartedMain] INFO  o.s.w.s.m.m.a.RequestMappingHandlerMapping 547 - Mapped "{[/delUser]}" onto public java.lang.String com.zq.springboot.controller.UserController.delUser(int)
2018-08-09 15:04:52,271 [restartedMain] INFO  o.s.w.s.m.m.a.RequestMappingHandlerMapping 547 - Mapped "{[/addUser]}" onto public java.lang.String com.zq.springboot.controller.UserController.toAddUser(com.zq.springboot.model.User)
2018-08-09 15:04:52,271 [restartedMain] INFO  o.s.w.s.m.m.a.RequestMappingHandlerMapping 547 - Mapped "{[/toJumpAddUser]}" onto public java.lang.String com.zq.springboot.controller.UserController.toJumpAddUser()
2018-08-09 15:04:52,273 [restartedMain] INFO  o.s.w.s.m.m.a.RequestMappingHandlerMapping 547 - Mapped "{[/error]}" onto public org.springframework.http.ResponseEntity<java.util.Map<java.lang.String, java.lang.Object>> org.springframework.boot.autoconfigure.web.servlet.error.BasicErrorController.error(javax.servlet.http.HttpServletRequest)
2018-08-09 15:04:52,274 [restartedMain] INFO  o.s.w.s.m.m.a.RequestMappingHandlerMapping 547 - Mapped "{[/error],produces=[text/html]}" onto public org.springframework.web.servlet.ModelAndView org.springframework.boot.autoconfigure.web.servlet.error.BasicErrorController.errorHtml(javax.servlet.http.HttpServletRequest,javax.servlet.http.HttpServletResponse)
2018-08-09 15:04:52,293 [restartedMain] INFO  o.s.w.s.h.SimpleUrlHandlerMapping 373 - Mapped URL path [/webjars/**] onto handler of type [class org.springframework.web.servlet.resource.ResourceHttpRequestHandler]
2018-08-09 15:04:52,293 [restartedMain] INFO  o.s.w.s.h.SimpleUrlHandlerMapping 373 - Mapped URL path [/**] onto handler of type [class org.springframework.web.servlet.resource.ResourceHttpRequestHandler]
2018-08-09 15:04:52,362 [restartedMain] INFO  o.s.b.a.w.s.WelcomePageHandlerMapping 61 - Adding welcome page template: index
2018-08-09 15:04:52,564 [restartedMain] INFO  o.s.b.a.e.web.EndpointLinksResolver 59 - Exposing 2 endpoint(s) beneath base path '/actuator'
2018-08-09 15:04:52,573 [restartedMain] INFO  o.s.b.a.e.w.s.WebMvcEndpointHandlerMapping 547 - Mapped "{[/actuator/health],methods=[GET],produces=[application/vnd.spring-boot.actuator.v2+json || application/json]}" onto public java.lang.Object org.springframework.boot.actuate.endpoint.web.servlet.AbstractWebMvcEndpointHandlerMapping$OperationHandler.handle(javax.servlet.http.HttpServletRequest,java.util.Map<java.lang.String, java.lang.String>)
2018-08-09 15:04:52,574 [restartedMain] INFO  o.s.b.a.e.w.s.WebMvcEndpointHandlerMapping 547 - Mapped "{[/actuator/info],methods=[GET],produces=[application/vnd.spring-boot.actuator.v2+json || application/json]}" onto public java.lang.Object org.springframework.boot.actuate.endpoint.web.servlet.AbstractWebMvcEndpointHandlerMapping$OperationHandler.handle(javax.servlet.http.HttpServletRequest,java.util.Map<java.lang.String, java.lang.String>)
2018-08-09 15:04:52,575 [restartedMain] INFO  o.s.b.a.e.w.s.WebMvcEndpointHandlerMapping 547 - Mapped "{[/actuator],methods=[GET],produces=[application/vnd.spring-boot.actuator.v2+json || application/json]}" onto protected java.util.Map<java.lang.String, java.util.Map<java.lang.String, org.springframework.boot.actuate.endpoint.web.Link>> org.springframework.boot.actuate.endpoint.web.servlet.WebMvcEndpointHandlerMapping.links(javax.servlet.http.HttpServletRequest,javax.servlet.http.HttpServletResponse)
2018-08-09 15:04:52,613 [restartedMain] INFO  o.s.j.e.a.AnnotationMBeanExporter 433 - Registering beans for JMX exposure on startup
2018-08-09 15:04:52,629 [restartedMain] INFO  o.a.coyote.http11.Http11NioProtocol 180 - Starting ProtocolHandler ["http-nio-9090"]
2018-08-09 15:04:52,629 [restartedMain] INFO  o.a.tomcat.util.net.NioSelectorPool 180 - Using a shared selector for servlet write/read
2018-08-09 15:04:52,640 [restartedMain] INFO  o.s.b.w.e.tomcat.TomcatWebServer 206 - Tomcat started on port(s): 9090 (http) with context path ''
2018-08-09 15:04:52,643 [restartedMain] INFO  c.z.s.SpringbootAllCustomerApplication 59 - Started SpringbootAllCustomerApplication in 3.371 seconds (JVM running for 4.014)
2018-08-09 15:04:52,906 [RMI TCP Connection(2)-127.0.0.1] INFO  o.a.c.c.C.[Tomcat].[localhost].[/] 180 - Initializing Spring FrameworkServlet 'dispatcherServlet'
2018-08-09 15:04:52,906 [RMI TCP Connection(2)-127.0.0.1] INFO  o.s.web.servlet.DispatcherServlet 494 - FrameworkServlet 'dispatcherServlet': initialization started
2018-08-09 15:04:52,916 [RMI TCP Connection(2)-127.0.0.1] INFO  o.s.web.servlet.DispatcherServlet 509 - FrameworkServlet 'dispatcherServlet': initialization completed in 10 ms
2018-08-09 15:05:24,369 [http-nio-9090-exec-1] INFO  o.a.tomcat.util.http.parser.Cookie 180 - A cookie header was received [1524189860; CNZZDATA1265190692=474794451-1511854748-%7C1524188120; _fmdata=qnf46LwrsHzo9EizDtKwyBdxSJUicp5n3xAj4cZ1b8y%2FqeNUug8iIFez7cCe2oCp%2BlAQpBW4%2BBRlQKJRc0FGHXnoDueDc8MYW%2BzmY6%2FH%2F0I%3D; _qzja=1.1474138083.1511859363509.1522130084621.1524189860324.1524190297396.1524190303667.0.0.0.105.11; Idea-50afed20=7ca69e26-75ef-4da5-a623-fb1fe0cbed76; HISTORY="com.zq.springboot.service.UserService:1.0.0..../dubbo-admin-2.8.4/governance/services/com.zq.springboot.service.UserService:1.0.0/providers"] that contained an invalid cookie. That cookie will be ignored.Note: further occurrences of this error will be logged at DEBUG level.
2018-08-09 15:05:24,423 [http-nio-9090-exec-1] INFO  c.z.s.controller.UserController 30 - info级别日志
